0 info it worked if it ends with ok
1 verbose cli [ 'D:\\nodejs\\node.exe',
1 verbose cli   'D:\\nodejs\\node_modules\\npm\\bin\\npm-cli.js',
1 verbose cli   'install',
1 verbose cli   '-global',
1 verbose cli   'jquery@1.4.4' ]
2 info using npm@3.10.3
3 info using node@v6.3.0
4 silly loadCurrentTree Starting
5 silly install loadCurrentTree
6 silly install readGlobalPackageData
7 silly fetchPackageMetaData jquery@1.4.4
8 silly fetchNamedPackageData jquery
9 silly mapToRegistry name jquery
10 silly mapToRegistry using default registry
11 silly mapToRegistry registry https://registry.npmjs.org/
12 silly mapToRegistry data Result {
12 silly mapToRegistry   raw: 'jquery',
12 silly mapToRegistry   scope: null,
12 silly mapToRegistry   escapedName: 'jquery',
12 silly mapToRegistry   name: 'jquery',
12 silly mapToRegistry   rawSpec: '',
12 silly mapToRegistry   spec: 'latest',
12 silly mapToRegistry   type: 'tag' }
13 silly mapToRegistry uri https://registry.npmjs.org/jquery
14 verbose request uri https://registry.npmjs.org/jquery
15 verbose request no auth needed
16 info attempt registry request try #1 at 13:57:32
17 verbose request id f046af6a4a547211
18 http request GET https://registry.npmjs.org/jquery
19 http 200 https://registry.npmjs.org/jquery
20 verbose headers { date: 'Thu, 10 Sep 2020 05:57:33 GMT',
20 verbose headers   'content-type': 'application/json',
20 verbose headers   'transfer-encoding': 'chunked',
20 verbose headers   connection: 'keep-alive',
20 verbose headers   'set-cookie': [ '__cfduid=d3f5308c5cfbb9feb500164fcebe63a361599717453; expires=Sat, 10-Oct-20 05:57:33 GMT; path=/; domain=.npmjs.org; HttpOnly; SameSite=Lax' ],
20 verbose headers   'cf-ray': '5d06e9845fc304d0-LAX',
20 verbose headers   age: '240',
20 verbose headers   'cache-control': 'public, max-age=300',
20 verbose headers   etag: 'W/"8756a9fd6917c183146761c4f6c53da2"',
20 verbose headers   'last-modified': 'Mon, 04 May 2020 22:50:16 GMT',
20 verbose headers   vary: 'accept-encoding, accept',
20 verbose headers   'cf-cache-status': 'HIT',
20 verbose headers   'cf-request-id': '05183046bb000004d0fe358200000001',
20 verbose headers   'expect-ct': 'max-age=604800, report-uri="https://report-uri.cloudflare.com/cdn-cgi/beacon/expect-ct"',
20 verbose headers   server: 'cloudflare',
20 verbose headers   'content-encoding': 'gzip' }
21 silly get cb [ 200,
21 silly get   { date: 'Thu, 10 Sep 2020 05:57:33 GMT',
21 silly get     'content-type': 'application/json',
21 silly get     'transfer-encoding': 'chunked',
21 silly get     connection: 'keep-alive',
21 silly get     'set-cookie': [ '__cfduid=d3f5308c5cfbb9feb500164fcebe63a361599717453; expires=Sat, 10-Oct-20 05:57:33 GMT; path=/; domain=.npmjs.org; HttpOnly; SameSite=Lax' ],
21 silly get     'cf-ray': '5d06e9845fc304d0-LAX',
21 silly get     age: '240',
21 silly get     'cache-control': 'public, max-age=300',
21 silly get     etag: 'W/"8756a9fd6917c183146761c4f6c53da2"',
21 silly get     'last-modified': 'Mon, 04 May 2020 22:50:16 GMT',
21 silly get     vary: 'accept-encoding, accept',
21 silly get     'cf-cache-status': 'HIT',
21 silly get     'cf-request-id': '05183046bb000004d0fe358200000001',
21 silly get     'expect-ct': 'max-age=604800, report-uri="https://report-uri.cloudflare.com/cdn-cgi/beacon/expect-ct"',
21 silly get     server: 'cloudflare',
21 silly get     'content-encoding': 'gzip' } ]
22 verbose get saving jquery to D:\nodejs\node_cache\registry.npmjs.org\jquery\.cache.json
23 verbose correctMkdir D:\nodejs\node_cache correctMkdir not in flight; initializing
24 silly fetchPackageMetaData Error: No compatible version found: jquery@1.4.4
24 silly fetchPackageMetaData Valid install targets:
24 silly fetchPackageMetaData 3.5.1, 3.5.0, 3.4.1, 3.4.0, 3.3.1, 3.3.0, 3.2.1, 3.2.0, 3.1.1, 3.1.0, 3.0.0, 3.0.0-rc1, 3.0.0-beta1, 3.0.0-alpha1, 2.2.4, 2.2.3, 2.2.2, 2.2.1, 2.2.0, 2.1.4, 2.1.3, 2.1.2, 2.1.1, 2.1.1-rc2, 2.1.1-rc1, 2.1.1-beta1, 2.1.0, 2.1.0-rc1, 2.1.0-beta3, 2.1.0-beta2, 1.12.4, 1.12.3, 1.12.2, 1.12.1, 1.12.0, 1.11.3, 1.11.2, 1.11.1, 1.11.1-rc2, 1.11.1-rc1, 1.11.1-beta1, 1.11.0, 1.11.0-rc1, 1.11.0-beta3, 1.9.1, 1.8.3, 1.8.2, 1.7.3, 1.7.2, 1.6.3, 1.6.2, 1.5.1
24 silly fetchPackageMetaData
24 silly fetchPackageMetaData     at pickVersionFromRegistryDocument (D:\nodejs\node_modules\npm\lib\fetch-package-metadata.js:170:16)
24 silly fetchPackageMetaData     at D:\nodejs\node_modules\npm\node_modules\iferr\index.js:13:50
24 silly fetchPackageMetaData     at D:\nodejs\node_modules\npm\lib\utils\pulse-till-done.js:20:8
24 silly fetchPackageMetaData     at saved (D:\nodejs\node_modules\npm\lib\cache\caching-client.js:174:7)
24 silly fetchPackageMetaData     at D:\nodejs\node_modules\npm\node_modules\graceful-fs\polyfills.js:210:7
24 silly fetchPackageMetaData     at FSReqWrap.oncomplete (fs.js:123:15)
24 silly fetchPackageMetaData  error for jquery@1.4.4 Error: No compatible version found: jquery@1.4.4
24 silly fetchPackageMetaData Valid install targets:
24 silly fetchPackageMetaData 3.5.1, 3.5.0, 3.4.1, 3.4.0, 3.3.1, 3.3.0, 3.2.1, 3.2.0, 3.1.1, 3.1.0, 3.0.0, 3.0.0-rc1, 3.0.0-beta1, 3.0.0-alpha1, 2.2.4, 2.2.3, 2.2.2, 2.2.1, 2.2.0, 2.1.4, 2.1.3, 2.1.2, 2.1.1, 2.1.1-rc2, 2.1.1-rc1, 2.1.1-beta1, 2.1.0, 2.1.0-rc1, 2.1.0-beta3, 2.1.0-beta2, 1.12.4, 1.12.3, 1.12.2, 1.12.1, 1.12.0, 1.11.3, 1.11.2, 1.11.1, 1.11.1-rc2, 1.11.1-rc1, 1.11.1-beta1, 1.11.0, 1.11.0-rc1, 1.11.0-beta3, 1.9.1, 1.8.3, 1.8.2, 1.7.3, 1.7.2, 1.6.3, 1.6.2, 1.5.1
24 silly fetchPackageMetaData
24 silly fetchPackageMetaData     at pickVersionFromRegistryDocument (D:\nodejs\node_modules\npm\lib\fetch-package-metadata.js:170:16)
24 silly fetchPackageMetaData     at D:\nodejs\node_modules\npm\node_modules\iferr\index.js:13:50
24 silly fetchPackageMetaData     at D:\nodejs\node_modules\npm\lib\utils\pulse-till-done.js:20:8
24 silly fetchPackageMetaData     at saved (D:\nodejs\node_modules\npm\lib\cache\caching-client.js:174:7)
24 silly fetchPackageMetaData     at D:\nodejs\node_modules\npm\node_modules\graceful-fs\polyfills.js:210:7
24 silly fetchPackageMetaData     at FSReqWrap.oncomplete (fs.js:123:15)
25 silly rollbackFailedOptional Starting
26 silly rollbackFailedOptional Finishing
27 silly runTopLevelLifecycles Starting
28 silly runTopLevelLifecycles Finishing
29 silly install printInstalled
30 verbose stack Error: No compatible version found: jquery@1.4.4
30 verbose stack Valid install targets:
30 verbose stack 3.5.1, 3.5.0, 3.4.1, 3.4.0, 3.3.1, 3.3.0, 3.2.1, 3.2.0, 3.1.1, 3.1.0, 3.0.0, 3.0.0-rc1, 3.0.0-beta1, 3.0.0-alpha1, 2.2.4, 2.2.3, 2.2.2, 2.2.1, 2.2.0, 2.1.4, 2.1.3, 2.1.2, 2.1.1, 2.1.1-rc2, 2.1.1-rc1, 2.1.1-beta1, 2.1.0, 2.1.0-rc1, 2.1.0-beta3, 2.1.0-beta2, 1.12.4, 1.12.3, 1.12.2, 1.12.1, 1.12.0, 1.11.3, 1.11.2, 1.11.1, 1.11.1-rc2, 1.11.1-rc1, 1.11.1-beta1, 1.11.0, 1.11.0-rc1, 1.11.0-beta3, 1.9.1, 1.8.3, 1.8.2, 1.7.3, 1.7.2, 1.6.3, 1.6.2, 1.5.1
30 verbose stack
30 verbose stack     at pickVersionFromRegistryDocument (D:\nodejs\node_modules\npm\lib\fetch-package-metadata.js:170:16)
30 verbose stack     at D:\nodejs\node_modules\npm\node_modules\iferr\index.js:13:50
30 verbose stack     at D:\nodejs\node_modules\npm\lib\utils\pulse-till-done.js:20:8
30 verbose stack     at saved (D:\nodejs\node_modules\npm\lib\cache\caching-client.js:174:7)
30 verbose stack     at D:\nodejs\node_modules\npm\node_modules\graceful-fs\polyfills.js:210:7
30 verbose stack     at FSReqWrap.oncomplete (fs.js:123:15)
31 verbose cwd F:\zplan\zplan\babeltest\src\js
32 error Windows_NT 6.1.7601
33 error argv "D:\\nodejs\\node.exe" "D:\\nodejs\\node_modules\\npm\\bin\\npm-cli.js" "install" "-global" "jquery@1.4.4"
34 error node v6.3.0
35 error npm  v3.10.3
36 error No compatible version found: jquery@1.4.4
36 error Valid install targets:
36 error 3.5.1, 3.5.0, 3.4.1, 3.4.0, 3.3.1, 3.3.0, 3.2.1, 3.2.0, 3.1.1, 3.1.0, 3.0.0, 3.0.0-rc1, 3.0.0-beta1, 3.0.0-alpha1, 2.2.4, 2.2.3, 2.2.2, 2.2.1, 2.2.0, 2.1.4, 2.1.3, 2.1.2, 2.1.1, 2.1.1-rc2, 2.1.1-rc1, 2.1.1-beta1, 2.1.0, 2.1.0-rc1, 2.1.0-beta3, 2.1.0-beta2, 1.12.4, 1.12.3, 1.12.2, 1.12.1, 1.12.0, 1.11.3, 1.11.2, 1.11.1, 1.11.1-rc2, 1.11.1-rc1, 1.11.1-beta1, 1.11.0, 1.11.0-rc1, 1.11.0-beta3, 1.9.1, 1.8.3, 1.8.2, 1.7.3, 1.7.2, 1.6.3, 1.6.2, 1.5.1
37 error If you need help, you may report this error at:
37 error     <https://github.com/npm/npm/issues>
38 verbose exit [ 1, true ]
